0 info it worked if it ends with ok
1 verbose cli [ 'C:\\Program Files (x86)\\nodejs\\node.exe',
1 verbose cli   'C:\\Program Files (x86)\\nodejs\\node_modules\\npm\\bin\\npm-cli.js',
1 verbose cli   'run',
1 verbose cli   'server' ]
2 info using npm@3.10.10
3 info using node@v6.11.4
4 verbose run-script [ 'preserver', 'server', 'postserver' ]
5 info lifecycle wp@1.0.0~preserver: wp@1.0.0
6 silly lifecycle wp@1.0.0~preserver: no script for preserver, continuing
7 info lifecycle wp@1.0.0~server: wp@1.0.0
8 verbose lifecycle wp@1.0.0~server: unsafe-perm in lifecycle true
9 verbose lifecycle wp@1.0.0~server: PATH: C:\Program Files (x86)\nodejs\node_modules\npm\bin\node-gyp-bin;f:\webexe\webpack\webpack\node_modules\.bin;C:\Ruby24-x64\bin;E:\Git\bin;E:\Git\bin\cmd\git.exe.;C:\Java\jdk1.8.0_111/bin;C:\ProgramData\Oracle\Java\javapath;C:\Windows\system32\WindowsPowerShell\v1.0\Modules\;C:\Program Files (x86)\ATI Technologies\ATI.ACE\Core-Static;C:\Program Files (x86)\nodejs\;;C:\Users\Administrator\AppData\Roaming\npm;F:\Microsoft VS Code\bin
10 verbose lifecycle wp@1.0.0~server: CWD: f:\webexe\webpack\webpack
11 silly lifecycle wp@1.0.0~server: Args: [ '/d /s /c', 'webpack-dev-server' ]
12 verbose stack Error: kill ENOSYS
12 verbose stack     at Object.exports._errnoException (util.js:1020:11)
12 verbose stack     at process.kill (internal/process.js:191:18)
12 verbose stack     at process.listener (C:\Program Files (x86)\nodejs\node_modules\npm\node_modules\npmlog\node_modules\gauge\node_modules\signal-exit\index.js:86:15)
12 verbose stack     at emitNone (events.js:91:20)
12 verbose stack     at process.emit (events.js:185:7)
12 verbose stack     at processEmit (C:\Program Files (x86)\nodejs\node_modules\npm\node_modules\npmlog\node_modules\gauge\node_modules\signal-exit\index.js:146:32)
12 verbose stack     at processEmit (C:\Program Files (x86)\nodejs\node_modules\npm\node_modules\npm-registry-client\node_modules\npmlog\node_modules\gauge\node_modules\signal-exit\index.js:146:32)
12 verbose stack     at Signal.wrap.onsignal (internal/process.js:217:44)
13 verbose cwd f:\webexe\webpack\webpack
14 error Windows_NT 6.1.7601
15 error argv "C:\\Program Files (x86)\\nodejs\\node.exe" "C:\\Program Files (x86)\\nodejs\\node_modules\\npm\\bin\\npm-cli.js" "run" "server"
16 error node v6.11.4
17 error npm  v3.10.10
18 error code ENOSYS
19 error errno ENOSYS
20 error syscall kill
21 error kill ENOSYS
22 error If you need help, you may report this error at:
22 error     <https://github.com/npm/npm/issues>
23 verbose exit [ 1, true ]
